<?xml version="1.0" encoding="UTF-8"?>
<!-- Generated by org.testng.reporters.JUnitReportReporter -->
<testsuite hostname="Princys-MacBook-Pro.local" failures="0" tests="1" name="com.inetbanking.testCases.TC_EditCustomer_003" time="19.231" errors="0" timestamp="2022-05-23T20:16:40 IST" skipped="0">
  <testcase classname="com.inetbanking.testCases.TC_EditCustomer_003" name="editCustomer" time="19.231"/>
  <system-out/>
</testsuite> <!-- com.inetbanking.testCases.TC_EditCustomer_003 -->
