<?xml version="1.0" encoding="UTF-8"?>
<!-- Generated by org.testng.reporters.JUnitReportReporter -->
<testsuite hostname="Princys-MacBook-Pro.local" failures="0" tests="1" name="com.inetbanking.testCases.TC_AddAccount_005" time="21.087" errors="0" timestamp="2022-05-23T20:19:04 IST" skipped="0">
  <testcase classname="com.inetbanking.testCases.TC_AddAccount_005" name="addNewCustomer" time="21.087"/>
  <system-out/>
</testsuite> <!-- com.inetbanking.testCases.TC_AddAccount_005 -->
