<?xml version="1.0" encoding="UTF-8"?>
<!-- Generated by org.testng.reporters.JUnitReportReporter -->
<testsuite hostname="Princys-MacBook-Pro.local" failures="0" tests="1" name="com.inetbanking.testCases.TC_EditCustomer_003" time="24.940" errors="0" timestamp="2022-04-05T18:10:44 IST" skipped="0">
  <testcase classname="com.inetbanking.testCases.TC_EditCustomer_003" name="editCustomer" time="24.940"/>
  <system-out/>
</testsuite> <!-- com.inetbanking.testCases.TC_EditCustomer_003 -->
